<?xml version="1.0" encoding="UTF-8"?>
<!-- Generated by org.testng.reporters.JUnitXMLReporter -->
<testsuite ignored="0" hostname="arju" failures="0" tests="7" name="nopCommerce Functional Tests" time="69.062" errors="0" timestamp="2025-09-07T21:09:13 IST">
  <testcase classname="tests.CategoryTests" name="addComputerProduct" time="8.464"/>
  <testcase classname="tests.CategoryTests" name="addElectronicsProduct" time="4.922"/>
  <testcase classname="tests.CategoryTests" name="addApparelProduct" time="6.015"/>
  <testcase classname="tests.CategoryTests" name="addDigitalDownloadProduct" time="3.605"/>
  <testcase classname="tests.CategoryTests" name="addBooksProduct" time="3.801"/>
  <testcase classname="tests.CategoryTests" name="addJewelryRentalProduct" time="6.522"/>
  <testcase classname="tests.CategoryTests" name="addVirtualGiftCardProduct" time="6.685"/>
</testsuite> <!-- nopCommerce Functional Tests -->
