<?xml version="1.0" encoding="UTF-8"?>
<!-- Generated by org.testng.reporters.JUnitXMLReporter -->
<testsuite ignored="0" hostname="arju" failures="0" tests="15" name="CategoryTest" time="123.176" errors="0" timestamp="2025-09-08T15:11:51 IST">
  <testcase classname="tests.RegistrationLogin" name="testRegistration" time="14.953"/>
  <testcase classname="tests.RegistrationLogin" name="testRegistration" time="4.048"/>
  <testcase classname="tests.RegistrationLogin" name="testRegistration" time="4.581"/>
  <testcase classname="tests.RegistrationLogin" name="testLogin" time="3.41"/>
  <testcase classname="tests.RegistrationLogin" name="testLogin" time="3.635"/>
  <testcase classname="tests.RegistrationLogin" name="testLogin" time="4.176"/>
  <testcase classname="tests.CategoryAndCheckoutTest" name="addComputerProduct" time="9.875"/>
  <testcase classname="tests.CategoryAndCheckoutTest" name="addElectronicsProduct" time="3.217"/>
  <testcase classname="tests.CategoryAndCheckoutTest" name="addApparelProduct" time="3.864"/>
  <testcase classname="tests.CategoryAndCheckoutTest" name="addDigitalDownloadProduct" time="2.49"/>
  <testcase classname="tests.CategoryAndCheckoutTest" name="addBooksProduct" time="2.86"/>
  <testcase classname="tests.CategoryAndCheckoutTest" name="addJewelryRentalProduct" time="3.682"/>
  <testcase classname="tests.CategoryAndCheckoutTest" name="addVirtualGiftCardProduct" time="2.571"/>
  <testcase classname="tests.CategoryAndCheckoutTest" name="checkoutAllProducts" time="11.372"/>
  <testcase classname="tests.WishlistToCartTest" name="testWishlistToCart" time="11.046"/>
</testsuite> <!-- CategoryTest -->
