<?xml version="1.0" encoding="UTF-8"?>
<testng-results ignored="0" total="15" passed="15" failed="0" skipped="0">
  <reporter-output>
  </reporter-output>
  <suite started-at="2025-09-08T15:09:48 IST" name="nopCommerce Full Workflow Suite" finished-at="2025-09-08T15:11:51 IST" duration-ms="123176">
    <groups>
    </groups>
    <test started-at="2025-09-08T15:09:48 IST" name="CategoryTest" finished-at="2025-09-08T15:11:51 IST" duration-ms="123176">
      <class name="tests.WishlistToCartTest">
        <test-method is-config="true" signature="setUp(java.lang.String)[pri:0, instance:tests.WishlistToCartTest@42f48531]" started-at="2025-09-08T15:11:31 IST" name="setUp" finished-at="2025-09-08T15:11:40 IST" duration-ms="8373" status="PASS">
          <params>
            <param index="0">
              <value>
                <![CDATA[https://demo.nopcommerce.com]]>
              </value>
            </param>
          </params>
          <reporter-output>
          </reporter-output>
        </test-method> <!-- setUp -->
        <test-method signature="testWishlistToCart()[pri:0, instance:tests.WishlistToCartTest@42f48531]" started-at="2025-09-08T15:11:40 IST" name="testWishlistToCart" finished-at="2025-09-08T15:11:51 IST" duration-ms="11046" status="PASS">
          <reporter-output>
          </reporter-output>
        </test-method> <!-- testWishlistToCart -->
        <test-method is-config="true" signature="tearDown()[pri:0, instance:tests.WishlistToCartTest@42f48531]" started-at="2025-09-08T15:11:51 IST" name="tearDown" finished-at="2025-09-08T15:11:51 IST" duration-ms="350" status="PASS">
          <reporter-output>
          </reporter-output>
        </test-method> <!-- tearDown -->
      </class> <!-- tests.WishlistToCartTest -->
      <class name="tests.CategoryAndCheckoutTest">
        <test-method is-config="true" signature="setUp(java.lang.String)[pri:0, instance:tests.CategoryAndCheckoutTest@cb191ca]" started-at="2025-09-08T15:10:39 IST" name="setUp" finished-at="2025-09-08T15:10:43 IST" duration-ms="3912" status="PASS">
          <params>
            <param index="0">
              <value>
                <![CDATA[https://demo.nopcommerce.com]]>
              </value>
            </param>
          </params>
          <reporter-output>
          </reporter-output>
        </test-method> <!-- setUp -->
        <test-method is-config="true" signature="goToHomePage()[pri:0, instance:tests.CategoryAndCheckoutTest@cb191ca]" started-at="2025-09-08T15:10:43 IST" name="goToHomePage" finished-at="2025-09-08T15:10:44 IST" duration-ms="1348" status="PASS">
          <reporter-output>
          </reporter-output>
        </test-method> <!-- goToHomePage -->
        <test-method signature="addComputerProduct()[pri:3, instance:tests.CategoryAndCheckoutTest@cb191ca]" started-at="2025-09-08T15:10:44 IST" name="addComputerProduct" finished-at="2025-09-08T15:10:54 IST" duration-ms="9875" status="PASS">
          <reporter-output>
          </reporter-output>
        </test-method> <!-- addComputerProduct -->
        <test-method is-config="true" signature="goToHomePage()[pri:0, instance:tests.CategoryAndCheckoutTest@cb191ca]" started-at="2025-09-08T15:10:54 IST" name="goToHomePage" finished-at="2025-09-08T15:10:55 IST" duration-ms="893" status="PASS">
          <reporter-output>
          </reporter-output>
        </test-method> <!-- goToHomePage -->
        <test-method signature="addElectronicsProduct()[pri:4, instance:tests.CategoryAndCheckoutTest@cb191ca]" started-at="2025-09-08T15:10:55 IST" name="addElectronicsProduct" finished-at="2025-09-08T15:10:58 IST" duration-ms="3217" status="PASS">
          <reporter-output>
          </reporter-output>
        </test-method> <!-- addElectronicsProduct -->
        <test-method is-config="true" signature="goToHomePage()[pri:0, instance:tests.CategoryAndCheckoutTest@cb191ca]" started-at="2025-09-08T15:10:58 IST" name="goToHomePage" finished-at="2025-09-08T15:10:59 IST" duration-ms="702" status="PASS">
          <reporter-output>
          </reporter-output>
        </test-method> <!-- goToHomePage -->
        <test-method signature="addApparelProduct()[pri:5, instance:tests.CategoryAndCheckoutTest@cb191ca]" started-at="2025-09-08T15:10:59 IST" name="addApparelProduct" finished-at="2025-09-08T15:11:03 IST" duration-ms="3864" status="PASS">
          <reporter-output>
          </reporter-output>
        </test-method> <!-- addApparelProduct -->
        <test-method is-config="true" signature="goToHomePage()[pri:0, instance:tests.CategoryAndCheckoutTest@cb191ca]" started-at="2025-09-08T15:11:03 IST" name="goToHomePage" finished-at="2025-09-08T15:11:04 IST" duration-ms="870" status="PASS">
          <reporter-output>
          </reporter-output>
        </test-method> <!-- goToHomePage -->
        <test-method signature="addDigitalDownloadProduct()[pri:6, instance:tests.CategoryAndCheckoutTest@cb191ca]" started-at="2025-09-08T15:11:04 IST" name="addDigitalDownloadProduct" finished-at="2025-09-08T15:11:06 IST" duration-ms="2490" status="PASS">
          <reporter-output>
          </reporter-output>
        </test-method> <!-- addDigitalDownloadProduct -->
        <test-method is-config="true" signature="goToHomePage()[pri:0, instance:tests.CategoryAndCheckoutTest@cb191ca]" started-at="2025-09-08T15:11:06 IST" name="goToHomePage" finished-at="2025-09-08T15:11:07 IST" duration-ms="955" status="PASS">
          <reporter-output>
          </reporter-output>
        </test-method> <!-- goToHomePage -->
        <test-method signature="addBooksProduct()[pri:7, instance:tests.CategoryAndCheckoutTest@cb191ca]" started-at="2025-09-08T15:11:07 IST" name="addBooksProduct" finished-at="2025-09-08T15:11:10 IST" duration-ms="2860" status="PASS">
          <reporter-output>
          </reporter-output>
        </test-method> <!-- addBooksProduct -->
        <test-method is-config="true" signature="goToHomePage()[pri:0, instance:tests.CategoryAndCheckoutTest@cb191ca]" started-at="2025-09-08T15:11:10 IST" name="goToHomePage" finished-at="2025-09-08T15:11:12 IST" duration-ms="1491" status="PASS">
          <reporter-output>
          </reporter-output>
        </test-method> <!-- goToHomePage -->
        <test-method signature="addJewelryRentalProduct()[pri:8, instance:tests.CategoryAndCheckoutTest@cb191ca]" started-at="2025-09-08T15:11:12 IST" name="addJewelryRentalProduct" finished-at="2025-09-08T15:11:15 IST" duration-ms="3682" status="PASS">
          <reporter-output>
          </reporter-output>
        </test-method> <!-- addJewelryRentalProduct -->
        <test-method is-config="true" signature="goToHomePage()[pri:0, instance:tests.CategoryAndCheckoutTest@cb191ca]" started-at="2025-09-08T15:11:15 IST" name="goToHomePage" finished-at="2025-09-08T15:11:16 IST" duration-ms="802" status="PASS">
          <reporter-output>
          </reporter-output>
        </test-method> <!-- goToHomePage -->
        <test-method signature="addVirtualGiftCardProduct()[pri:9, instance:tests.CategoryAndCheckoutTest@cb191ca]" started-at="2025-09-08T15:11:16 IST" name="addVirtualGiftCardProduct" finished-at="2025-09-08T15:11:19 IST" duration-ms="2571" status="PASS">
          <reporter-output>
          </reporter-output>
        </test-method> <!-- addVirtualGiftCardProduct -->
        <test-method is-config="true" signature="goToHomePage()[pri:0, instance:tests.CategoryAndCheckoutTest@cb191ca]" started-at="2025-09-08T15:11:19 IST" name="goToHomePage" finished-at="2025-09-08T15:11:19 IST" duration-ms="711" status="PASS">
          <reporter-output>
          </reporter-output>
        </test-method> <!-- goToHomePage -->
        <test-method signature="checkoutAllProducts()[pri:10, instance:tests.CategoryAndCheckoutTest@cb191ca]" started-at="2025-09-08T15:11:19 IST" name="checkoutAllProducts" finished-at="2025-09-08T15:11:31 IST" duration-ms="11372" status="PASS">
          <reporter-output>
          </reporter-output>
        </test-method> <!-- checkoutAllProducts -->
        <test-method is-config="true" signature="tearDown()[pri:0, instance:tests.CategoryAndCheckoutTest@cb191ca]" started-at="2025-09-08T15:11:31 IST" name="tearDown" finished-at="2025-09-08T15:11:31 IST" duration-ms="585" status="PASS">
          <reporter-output>
          </reporter-output>
        </test-method> <!-- tearDown -->
      </class> <!-- tests.CategoryAndCheckoutTest -->
      <class name="tests.RegistrationLogin">
        <test-method is-config="true" signature="setup(java.lang.String)[pri:0, instance:tests.RegistrationLogin@2a3c96e3]" started-at="2025-09-08T15:09:48 IST" name="setup" finished-at="2025-09-08T15:09:59 IST" duration-ms="11239" status="PASS">
          <params>
            <param index="0">
              <value>
                <![CDATA[https://demo.nopcommerce.com]]>
              </value>
            </param>
          </params>
          <reporter-output>
          </reporter-output>
        </test-method> <!-- setup -->
        <test-method signature="testRegistration(java.lang.String,java.lang.String,java.lang.String,java.lang.String,java.lang.String,java.lang.String,java.lang.String,java.lang.String)[pri:1, instance:tests.RegistrationLogin@2a3c96e3]" started-at="2025-09-08T15:10:03 IST" name="testRegistration" data-provider="registrationData" finished-at="2025-09-08T15:10:18 IST" duration-ms="14953" status="PASS">
          <params>
            <param index="0">
              <value>
                <![CDATA[john]]>
              </value>
            </param>
            <param index="1">
              <value>
                <![CDATA[Doe]]>
              </value>
            </param>
            <param index="2">
              <value>
                <![CDATA[jane.smith111111222@gmail.com]]>
              </value>
            </param>
            <param index="3">
              <value>
                <![CDATA[AcmeCorp]]>
              </value>
            </param>
            <param index="4">
              <value>
                <![CDATA[Male]]>
              </value>
            </param>
            <param index="5">
              <value>
                <![CDATA[Yes]]>
              </value>
            </param>
            <param index="6">
              <value>
                <![CDATA[Pass@123]]>
              </value>
            </param>
            <param index="7">
              <value>
                <![CDATA[Pass@123]]>
              </value>
            </param>
          </params>
          <reporter-output>
          </reporter-output>
        </test-method> <!-- testRegistration -->
        <test-method signature="testRegistration(java.lang.String,java.lang.String,java.lang.String,java.lang.String,java.lang.String,java.lang.String,java.lang.String,java.lang.String)[pri:1, instance:tests.RegistrationLogin@2a3c96e3]" started-at="2025-09-08T15:10:18 IST" name="testRegistration" data-provider="registrationData" finished-at="2025-09-08T15:10:22 IST" duration-ms="4048" status="PASS">
          <params>
            <param index="0">
              <value>
                <![CDATA[jane]]>
              </value>
            </param>
            <param index="1">
              <value>
                <![CDATA[Smith]]>
              </value>
            </param>
            <param index="2">
              <value>
                <![CDATA[john.doe111111222@gmail.com]]>
              </value>
            </param>
            <param index="3">
              <value>
                <![CDATA[WidgetInc]]>
              </value>
            </param>
            <param index="4">
              <value>
                <![CDATA[Female]]>
              </value>
            </param>
            <param index="5">
              <value>
                <![CDATA[No]]>
              </value>
            </param>
            <param index="6">
              <value>
                <![CDATA[Pass@456]]>
              </value>
            </param>
            <param index="7">
              <value>
                <![CDATA[Pass@456]]>
              </value>
            </param>
          </params>
          <reporter-output>
          </reporter-output>
        </test-method> <!-- testRegistration -->
        <test-method signature="testRegistration(java.lang.String,java.lang.String,java.lang.String,java.lang.String,java.lang.String,java.lang.String,java.lang.String,java.lang.String)[pri:1, instance:tests.RegistrationLogin@2a3c96e3]" started-at="2025-09-08T15:10:22 IST" name="testRegistration" data-provider="registrationData" finished-at="2025-09-08T15:10:27 IST" duration-ms="4581" status="PASS">
          <params>
            <param index="0">
              <value>
                <![CDATA[Raj]]>
              </value>
            </param>
            <param index="1">
              <value>
                <![CDATA[Kumar]]>
              </value>
            </param>
            <param index="2">
              <value>
                <![CDATA[raj.kumar111111333@gmail.com]]>
              </value>
            </param>
            <param index="3">
              <value>
                <![CDATA[Infosys]]>
              </value>
            </param>
            <param index="4">
              <value>
                <![CDATA[Male]]>
              </value>
            </param>
            <param index="5">
              <value>
                <![CDATA[Yes]]>
              </value>
            </param>
            <param index="6">
              <value>
                <![CDATA[Pass@789]]>
              </value>
            </param>
            <param index="7">
              <value>
                <![CDATA[Pass@789]]>
              </value>
            </param>
          </params>
          <reporter-output>
          </reporter-output>
        </test-method> <!-- testRegistration -->
        <test-method signature="testLogin(java.lang.String,java.lang.String)[pri:2, instance:tests.RegistrationLogin@2a3c96e3]" started-at="2025-09-08T15:10:27 IST" name="testLogin" data-provider="loginData" finished-at="2025-09-08T15:10:30 IST" duration-ms="3410" status="PASS">
          <params>
            <param index="0">
              <value>
                <![CDATA[jane.smith111111222@gmail.com]]>
              </value>
            </param>
            <param index="1">
              <value>
                <![CDATA[Pass@123]]>
              </value>
            </param>
          </params>
          <reporter-output>
          </reporter-output>
        </test-method> <!-- testLogin -->
        <test-method signature="testLogin(java.lang.String,java.lang.String)[pri:2, instance:tests.RegistrationLogin@2a3c96e3]" started-at="2025-09-08T15:10:30 IST" name="testLogin" data-provider="loginData" finished-at="2025-09-08T15:10:34 IST" duration-ms="3635" status="PASS">
          <params>
            <param index="0">
              <value>
                <![CDATA[john.doe111111222@gmail.com]]>
              </value>
            </param>
            <param index="1">
              <value>
                <![CDATA[Pass@456]]>
              </value>
            </param>
          </params>
          <reporter-output>
          </reporter-output>
        </test-method> <!-- testLogin -->
        <test-method signature="testLogin(java.lang.String,java.lang.String)[pri:2, instance:tests.RegistrationLogin@2a3c96e3]" started-at="2025-09-08T15:10:34 IST" name="testLogin" data-provider="loginData" finished-at="2025-09-08T15:10:38 IST" duration-ms="4176" status="PASS">
          <params>
            <param index="0">
              <value>
                <![CDATA[raj.kumar111111333@gmail.com]]>
              </value>
            </param>
            <param index="1">
              <value>
                <![CDATA[Pass@789]]>
              </value>
            </param>
          </params>
          <reporter-output>
          </reporter-output>
        </test-method> <!-- testLogin -->
        <test-method is-config="true" signature="teardown()[pri:0, instance:tests.RegistrationLogin@2a3c96e3]" started-at="2025-09-08T15:10:38 IST" name="teardown" finished-at="2025-09-08T15:10:39 IST" duration-ms="954" status="PASS">
          <reporter-output>
          </reporter-output>
        </test-method> <!-- teardown -->
      </class> <!-- tests.RegistrationLogin -->
    </test> <!-- CategoryTest -->
  </suite> <!-- nopCommerce Full Workflow Suite -->
</testng-results>
